Arguments: 
  /Users/nicolas/.config/nvm/versions/node/v17.0.0/bin/node /opt/homebrew/Cellar/yarn/1.22.19/libexec/bin/yarn.js init

PATH: 
  /Users/nicolas/.pyenv/shims:/Users/nicolas/.config/nvm/versions/node/v17.0.0/bin:/Users/nicolas/.sdkman/candidates/gradle/current/bin:/opt/anaconda3/condabin:/Users/nicolas/.local/bin:/opt/local/bin:/opt/local/sbin:/opt/homebrew/bin:/opt/homebrew/sbin:/usr/local/bin:/System/Cryptexes/App/usr/bin:/usr/bin:/bin:/usr/sbin:/sbin:/Applications/VMware Fusion Tech Preview.app/Contents/Public:/usr/local/go/bin:/usr/local/share/dotnet:~/.dotnet/tools:/Library/Apple/usr/bin:/Library/Frameworks/Mono.framework/Versions/Current/Commands:/Users/nicolas/.cargo/bin:/Users/nicolas/.fig/bin:/Users/nicolas/Library/Application Support/JetBrains/Toolbox/scripts:/opt/homebrew/opt/fzf/bin:/Users/nicolas/hadoop/hadoop-3.3.0/bin

Yarn version: 
  1.22.19

Node version: 
  17.0.0

Platform: 
  darwin arm64

Trace: 
  Error: canceled
      at Interface.<anonymous> (/opt/homebrew/Cellar/yarn/1.22.19/libexec/lib/cli.js:137150:13)
      at Interface.emit (node:events:390:28)
      at Interface.[_ttyWrite] [as _ttyWrite] (node:internal/readline/interface:973:18)
      at ReadStream.onkeypress (node:internal/readline/interface:240:20)
      at ReadStream.emit (node:events:390:28)
      at emitKeys (node:internal/readline/utils:358:14)
      at emitKeys.next (<anonymous>)
      at ReadStream.onData (node:internal/readline/emitKeypressEvents:64:36)
      at ReadStream.emit (node:events:390:28)
      at addChunk (node:internal/streams/readable:324:12)

npm manifest: 
  No manifest

yarn manifest: 
  No manifest

Lockfile: 
  # THIS IS AN AUTOGENERATED FILE. DO NOT EDIT THIS FILE DIRECTLY.
  # yarn lockfile v1
